2024-12-17 09:02:06 - File exists:
2024-12-17 09:02:06 - True
2024-12-17 09:02:06 - Import successful: generate_structure
2024-12-17 09:02:06 - Loading existing comments from C:\ProgramData\Archipelago\Players\auto-maple\src\common\..\..\.settings\comments.json...
2024-12-17 09:02:06 - The following files/folders are missing comments:
2024-12-17 09:02:06 - - .settings
2024-12-17 09:02:06 - - src
2024-12-17 09:02:06 - Saving comments to C:\ProgramData\Archipelago\Players\auto-maple\src\common\..\..\.settings\comments.json...
2024-12-17 09:02:06 - Missing comments have been added to C:\ProgramData\Archipelago\Players\auto-maple\src\common\..\..\.settings\comments.json. Update them as needed.
2024-12-17 09:02:06 - Folder structure has been written to 'C:\ProgramData\Archipelago\Players\auto-maple\src\common\..\..\docs\folder_structure.txt'.
2024-12-17 09:02:06 - Folder structure generated successfully.
2024-12-17 09:02:08 - pygame 2.1.3 (SDL 2.0.22, Python 3.10.9)
2024-12-17 09:02:08 - Hello from the pygame community. https://www.pygame.org/contribute.html
2024-12-17 09:02:08 - [~] Started main bot loop
2024-12-17 09:02:08 - [~] Initializing detection algorithm:
2024-12-17 09:02:08 - [~] Initialized detection algorithm
2024-12-17 09:02:08 - [~] Started video capture
2024-12-17 09:02:08 - [~] Started notifier
2024-12-17 09:02:08 - [~] Started keyboard listener
2024-12-17 09:02:08 - [~] Successfully initialized Auto Maple
